[debug] [2024-03-11T02:54:33.792Z] ----------------------------------------------------------------------
[debug] [2024-03-11T02:54:33.793Z] Command:       /Users/pedro_ribeiro/.nvm/versions/node/v20.10.0/bin/node /Users/pedro_ribeiro/.nvm/versions/node/v20.10.0/bin/firebase deploy
[debug] [2024-03-11T02:54:33.794Z] CLI Version:   13.4.0
[debug] [2024-03-11T02:54:33.794Z] Platform:      darwin
[debug] [2024-03-11T02:54:33.794Z] Node Version:  v20.10.0
[debug] [2024-03-11T02:54:33.794Z] Time:          Sun Mar 10 2024 23:54:33 GMT-0300 (Brasilia Standard Time)
[debug] [2024-03-11T02:54:33.794Z] ----------------------------------------------------------------------
[debug] 
[debug] [2024-03-11T02:54:33.830Z] > command requires scopes: ["email","openid","https://www.googleapis.com/auth/cloudplatformprojects.readonly","https://www.googleapis.com/auth/firebase","https://www.googleapis.com/auth/cloud-platform"]
[debug] [2024-03-11T02:54:33.830Z] > authorizing via signed-in user (plagesribeiro@gmail.com)
[debug] [2024-03-11T02:54:33.830Z] [iam] checking project tourism-recommender for permissions ["cloudfunctions.functions.create","cloudfunctions.functions.delete","cloudfunctions.functions.get","cloudfunctions.functions.list","cloudfunctions.functions.update","cloudfunctions.operations.get","firebase.projects.get"]
[debug] [2024-03-11T02:54:33.831Z] >>> [apiv2][query] POST https://cloudresourcemanager.googleapis.com/v1/projects/tourism-recommender:testIamPermissions [none]
[debug] [2024-03-11T02:54:33.831Z] >>> [apiv2][(partial)header] POST https://cloudresourcemanager.googleapis.com/v1/projects/tourism-recommender:testIamPermissions x-goog-quota-user=projects/tourism-recommender
[debug] [2024-03-11T02:54:33.831Z] >>> [apiv2][body] POST https://cloudresourcemanager.googleapis.com/v1/projects/tourism-recommender:testIamPermissions {"permissions":["cloudfunctions.functions.create","cloudfunctions.functions.delete","cloudfunctions.functions.get","cloudfunctions.functions.list","cloudfunctions.functions.update","cloudfunctions.operations.get","firebase.projects.get"]}
[debug] [2024-03-11T02:54:34.847Z] <<< [apiv2][status] POST https://cloudresourcemanager.googleapis.com/v1/projects/tourism-recommender:testIamPermissions 200
[debug] [2024-03-11T02:54:34.848Z] <<< [apiv2][body] POST https://cloudresourcemanager.googleapis.com/v1/projects/tourism-recommender:testIamPermissions {"permissions":["cloudfunctions.functions.create","cloudfunctions.functions.delete","cloudfunctions.functions.get","cloudfunctions.functions.list","cloudfunctions.functions.update","cloudfunctions.operations.get","firebase.projects.get"]}
[debug] [2024-03-11T02:54:34.848Z] >>> [apiv2][query] POST https://iam.googleapis.com/v1/projects/tourism-recommender/serviceAccounts/tourism-recommender@appspot.gserviceaccount.com:testIamPermissions [none]
[debug] [2024-03-11T02:54:34.848Z] >>> [apiv2][body] POST https://iam.googleapis.com/v1/projects/tourism-recommender/serviceAccounts/tourism-recommender@appspot.gserviceaccount.com:testIamPermissions {"permissions":["iam.serviceAccounts.actAs"]}
[debug] [2024-03-11T02:54:35.780Z] <<< [apiv2][status] POST https://iam.googleapis.com/v1/projects/tourism-recommender/serviceAccounts/tourism-recommender@appspot.gserviceaccount.com:testIamPermissions 200
[debug] [2024-03-11T02:54:35.780Z] <<< [apiv2][body] POST https://iam.googleapis.com/v1/projects/tourism-recommender/serviceAccounts/tourism-recommender@appspot.gserviceaccount.com:testIamPermissions {"permissions":["iam.serviceAccounts.actAs"]}
[info] 
[info] === Deploying to 'tourism-recommender'...
[info] 
[info] i  deploying functions 
[info] Running command: npm --prefix "$RESOURCE_DIR" run lint
[info] Running command: npm --prefix "$RESOURCE_DIR" run build
